[    .000000]Initializing cgroup subsys cpuset
[    0.000000] Initializing cgroup subsys cpu
[    0.00000] Initializing cgroup subsys cpuacct
[    0.00000] Linux version 4.4.0-130-generic (buildd@lgw01-amd64-039) (gcc version 5.4.0 20160609 (Ubuntu 5.4.0-6ubuntu1~16.04.9) ) #156-Ubuntu SMP Thu Jun 14 08:53:28 UTC 2018 (Ubuntu 4.40-130.156-generic 4.4.134)
[    .000000] Command line: BOOT_IMAGE=/boo/vmlinuz-4.4.0-130-generic root=UUID=2599847e-b1d0-4013-a357-9739570da0b9 ro consoletty1 console=ttyS0
[     0.00000] ERNEL supported cpus:
[    .000000]   Intel GenuineIntel
[    0.000000]   AMD AuthenticAMD
[    0.000000]   Centaur CentaurHauls
[    0.000000] x86/fpu: xstate_offset[2]:  576, xstate_sizes[2]:  256
[    0.000000] x86/fpu: Supporting XSAVE feature 0x01: 'x87 floating point registers'
[  0.000000] x86/fpu: Supporting XSAVE feature 0x02: 'SSE registers'
[    0.000000] x86/fpu: Supporting XSVE feature 0x04: 'AVX registers'
[    0.000000] x86/fpu: Enabled xstate features 0x7, context size is 832 bytes, using 'standard' format.
[    0.000000] x86/fpu: Using 'eager' FPU cntext switches.
[    .000000] e820: BIOS-provided physical RAM map:
[   .000000] BIOS-e820: [mem 0x0000000000000000-0x000000000009fbff] usable
[    0.000000] BIOS-e820: [mem 0x000000000009fc00-0x000000000009ffff] reserved
[    .000000] BIOS-e820: [mem 0x00000000000f0000-0x00000000000fffff] reserved
[    .000000] BIOS-e820: [mem 0x0000000000100000-0x000000001ffeffff] usable
[    0.000000] BIOS-e820: [mem 0x000000001fff00000x000000001fffffff] ACPI data
[    .000000] BIOS-e820: [mem 0x00000000fec00000-0x0000000fec00ff] reserved
[    0.000000] BIOS-e820: [mem 0x00000000fee00000-0x00000000fee00fff] reserved
[    0.000000] BIOS-e820: [mem 0x00000000fffc0000-0x00000000ffffffff] reserved
[    0.000000] NX (Execute Disabe) protection: active
[   0.000000] SMBIOS 2.5 present.
[    0.000000] Hyervisor detected: KVM
[    0.000000] e820: last_pfn = 0x1fff0 max_arch_pfn = 0x400000000
[    0.000000] MTRR: Disabled
[    0.000000] x86/PAT: TRRs isabled, skipping PAT initilization too.
[    .000000] CPU MTRRs all blank - virtualized system.
[   0.000000] x86/PAT: Configuration [0-7]: WB  WT  UC- UC  WB  WT  UC- UC  
[    0.000000] found SMP MP-table at [mem 0x0009fff0-0x0009ffff] mapped at [ffff880000009fff0]
[    0.000000] Scanning 1 areas for low memory corruption
[    0.000000] RAMDISK: [mem 0x1e856000-0x1f756fff]
[    0.000000] ACPI: Early table checksum verification sabled
[    .000000] ACPI: RSDDP 0x00000000000E0000 000024 (v02 VBOX  )
[    .000000] ACPI: SDT 0x000000001FFF0030 00003C (v01 VBOX   VBOXXSDT 00000001 ASL  00000061)
[    0.000000] ACPI: FACP 0x000000001FFF00F0 0000F4 (v04 VBOX   VBOXFACP 00000001 ASL  00000061)
[    0.000000] ACPI: DSD 0x000000001FFF0470 0021FF (v02 BOX   VBOXBIOS 00000002 INTL 20100528)
[    0.000000] ACPI: FACS 0x000000001FFF0200 000040
[    0.000000] ACPI: FACS 0x000000001FFF0200 000040
[    0.000000] ACPI: APIC 0x000000001FFF0240 00005C (v02 VBOX   VBOXAPIC 0000001 ASL  0000061)
[    0.000000] ACPI: SSDT 0x000000001FFF02A0 0001CC (v01 VBOX   VBOXCPUT 00000002 INTL 100528)
[    .0000000]No NUMA configuration found
[    0.000000] Faking a node at [mm 0x0000000000000000-0x000000001ffeffff]
[    0.000000] NODE_DATA(0) allocated [mem 0x1ffeb000-0x1ffeffff]
[    0.000000] kvm-clok: Using msrs 4b564d01 and 4b564d00
[    0.000000] kvm-clock: cpu 0, msr 0:1ffe3001, primary cpu clock
[    0.000000] kvm-clock: using sched offset of 4455076007 cycles
[    0.000000] clocksource: kvm-clock: mask: 0xffffffffffffffff max_cycles: 0x1cd42e4dffb, max_idle_ns: 881590591483 ns
[    .000000] Zone ranges:
[    0.000000]   DMA      [mem 0x0000000000001000-0x0000000000ffffff]
[    .000000]   DMA32    [mem 0x0000000001000000-0x000000001ffeffff]
[     0.00000]   Normal   empty
[    0.000000]   Device   empty
[    0.000000] Movable zone start for each node
[    .000000] Early memory node ranges
[    0.000000]   node   0: [mem 0x000000000000100-0x000000000009efff]
[    0.000000]   node   0: [mem 0x0000000000100000-0x000000001ffeffff]
[    0.000000] Initmem setup node 0 [mem 0x00000000001000-0x000000001ffeffff]
[   0.00000] API: PMTimer IO Port: 0x4008
[    0.000000] IOAPIC[0]: apic_id 2, version 32, address 0xfec00000, GSI 0-23
[    0.00000] ACPI: INT_SRC_OVR (bus 0 bus_irq 0 global_irq 2 dfl dfl)
[    0.000000] ACPI: INT_SRC_OVR (bus 0 bus_irq 9 global_irq 9 low level)
[    0.000000] Using ACPI (MADT) for SMP configuration information
[    .0000000] smpboot: Allowing 2 CPUs, 0 hotpug CPUs
[    0.000000] PM: Registered nosave memory: [mem 0x00000000-0x00000fff]
[    0.000000] PM: Registered nosave memory: [mem 0x0009f000-0x0009ffff]
[    0.000000] PM: Registered nosave memory: [mem 0x000a0000-0x000effff]
[    0.000000] PM: Registered nosvee memory: [mem 0x000f0000-0x000fffff]
[    0.000000] e820: [mem 0x20000000-0xfebfffff] available for PCI devices
[    0.000000] Booting paravirtualized kernel on KVM
[    0.000000] clocksource: refined-jiffies: mask: 0xffffffff max_cycles: xffffff, axdle_ns: 7645519600211568 ns
[    0.000000]setup_percpu N_CPUS:512 nr_cpumask_bits:512 nr_cpu_ids:2 nr_node_ids:1
[    0.000000] PERCPU: Embedded 34 pages/cpu @ffff88001fc00000s99544 r8192 d31528 u1048576
[   0.000000] PV qspinlock hash table entries: 256 (order:0, 4096 bytes)
[    0.000000] Built 1 zonelists in Node ordder, mobility grouping on.  Total pages: 128888
[    0.00000] Policy zon DMA32
[    0.000000] Kernel command line: BOOT_MAGE=/boot/vminuz-4.4.0-130-generic root=UUID=2599847e-b1d04013-a357-739570da09  ro console=tty1 console=ttyS0
[    0.000000] PID hash table entries: 2048 (order: 2, 1384 bytes)
[    0.000000] Memory: 48072K523832K available (8546K kernel code, 1313K rwdata, 4000K rodata, 1516K init, 1316K bss, 42760K eserved, 0K cma-eserved
[    0.000000] SLUB: HWalign=64, Order=0-3, MinObjects=0, CPUs=2, Nodes=1
[    0.000000] Kernel/User page tables isoation: nabled
[    0.000000] Hierarchical RCU implementation.
[    0.000000] 	Build-ime adjustment of leaffanot to 64.
[    0.00000] 	RCU restriting CPUs from NR_CPUS=512 to nr_cpu_ids=2.
[    0.000000] RCU: Adjusting geometry for rcu_fanout_leaf=64, nr_cpu_ids=2
[    0.000000] R_RQS:3304 nr_irqs:440 16
[    0.000000] Console: colour VGA+ 80x25
[    0.000000] console [tty1] enaed
[    0.000000] console [ttyS0] enabled
[    0.000000] tsc: Detected 1999.999 MHz processor
[    2.371611] Calibrating delay loop (skipped) preset value.. 3999.99 BogoMIPS (lpj=7999996)
[    2.376164] pid_max: default: 32768 minimum: 301
[    2.378039] ACPI: Core revision 20150930
[    2.380665] ACPI: 2 ACPI AML tables successfully acquired and loaded
[    2.398583] Security Framework initialized
[    2.407277] Yama: becoming mindful.
[    2.415015] AppArmor: AppArmor initialized
[    2.420281] Dentry cache hash table entries: 65536 (order: 7, 524288 bytes)
[    2.435064] Inode-cache hash table entries: 32768 (order: 6, 262144 bytes)
[    2.450363] Mount-cache hash table entries: 1024 (order: 1, 8192 bytes)
[    2.464760] Mountpoint-cache hash table entries: 1024 (order: 1, 8192 bytes)
[    2.469884] Initializing cgroup subsys io
[    2.476096] Initializing cgroup subsys memory
[    2.486350] Initializing cgroup subsys devices
[    2.506783] Initializing cgroup subsys freezer
[    2.508952] Initializing cgroup subsys net_cls
[    2.515327] Initializing cgroup subsys perf_event
[    2.531046] Initializing cgroup subsys net_prio
[    2.558463] Initializing cgroup subsys hugetlb
[    2.564317] Initializing cgroup subsys pids
[    2.568959] CPU: Physical Processor ID: 0
[    2.579336] CPU: Processor Core ID: 0
[    2.597221] mce: CPU supports 0 MCE banks
[    2.607811] Last level iTLB entries: 4KB 1024, 2MB 1024, 4MB 1024
[    2.616998] Last level dTLB entries: 4KB 1024, 2MB 1024, 4MB 1024, 1GB 4
[    2.620557] Spectre V2 : Mitigation: Full generic retpoline
[    2.627102] Spectre V2 : Speculation control IBPB not-supported IBRS not-supported
[    2.634131] Speculative Store Bypass: Vulnerable
[    2.640530] Freeing SMP alternatives memory: 32K
[    2.658222] ftrace: allocating 32245 entries in 126 pages
[    2.770935] smpboot: APIC(0) Converting physical 0 to logical package 0
[    2.790717] smpboot: Max logical packages: 1
[    2.793236] x2apic enabled
[    2.799308] Switched APIC routing to physical x2apic.
[    2.802858] ..TIMER: vector=0x30 apic1=0 pin1=2 apic2=-1 pin2=-1
[    2.914520] smpboot: CPU0: Intel(R) Core(TM) i5-4260U CPU @ 1.40GHz (family: 0x6, model: 0x45, stepping: 0x1)
[    2.919602] Performance Events: unsupported p6 CPU model 69 no PMU driver, software events only.
[    2.928763] KVM setup paravirtual spinlock
[    2.935645] x86: Booting SMP configuration:
[    2.939949] .... node  #0, CPUs:      #1
[    2.952221] kvm-clock: cpu 1, msr 0:1ffe3041, secondary cpu clock
[    2.955236] mce: CPU supports 0 MCE banks
[    2.958682] x86: Booted up 1 node, 2 CPUs
[    2.964305] smpboot: Total of 2 processors activated (7999.99 BogoMIPS)
[    2.972535] devtmpfs: initialized
[    2.978256] evm: security.selinux
[    2.980040] evm: security.SMACK64
[    2.981791] evm: security.SMACK64EXEC
[    2.992557] evm: security.SMACK64TRANSMUTE
[    2.998555] evm: security.SMACK64MMAP
[    3.000541] evm: security.ima
[    3.004108] evm: security.capability
[    3.008243] clocksource: jiffies: mask: 0xffffffff max_cycles: 0xffffffff, max_idle_ns: 7645041785100000 ns
[    3.012115] futex hash table entries: 512 (order: 3, 32768 bytes)
[    3.019220] pinctrl core: initialized pinctrl subsystem
[    3.022157] RTC time: 15:09:58, date: 07/10/18
[    3.025647] NET: Registered protocol family 16
[    3.038516] cpuidle: using governor ladder
[    3.055123] cpuidle: using governor menu
[    3.061189] PCCT header not found.
[    3.063842] ACPI: bus type PCI registered
[    3.067401] acpiphp: ACPI Hot Plug PCI Controller Driver version: 0.5
[    3.070574] PCI: Using configuration type 1 for base access
[    3.091424] ACPI: Added _OSI(Module Device)
[    3.094945] ACPI: Added _OSI(Processor Device)
[    3.099837] ACPI: Added _OSI(3.0 _SCP Extensions)
[    3.103929] ACPI: Added _OSI(Processor Aggregator Device)
[    3.107332] ACPI: Executed 1 blocks of module-level executable AML code
[    3.112854] ACPI: Interpreter enabled
[    3.115409] ACPI: (supports S0 S5)
[    3.122905] ACPI: Using IOAPIC for interrupt routing
[    3.125473] PCI: Using host bridge windows from ACPI; if necessary, use "pci=nocrs" and report a bug
[    3.136259] ACPI: PCI Root Bridge [PCI0] (domain 0000 [bus 00-ff])
[    3.146957] acpi PNP0A03:00: _OSC: OS supports [ASPM ClockPM Segments MSI]
[    3.152589] acpi PNP0A03:00: _OSC: not requesting OS control; OS requires [ExtendedConfig ASPM ClockPM MSI]
[    3.156983] acpi PNP0A03:00: fail to add MMCONFIG information, can't access extended PCI configuration space under this bridge.
[    3.164186] PCI host bridge to bus 0000:00
[    3.166108] pci_bus 0000:00: root bus resource [io  0x0000-0x0cf7 window]
[    3.175855] pci_bus 0000:00: root bus resource [io  0x0d00-0xffff window]
[    3.182672] pci_bus 0000:00: root bus resource [mem 0x000a0000-0x000bffff window]
[    3.192954] pci_bus 0000:00: root bus resource [mem 0x20000000-0xfdffffff window]
[    3.197539] pci_bus 0000:00: root bus resource [bus 00-ff]
[    3.205201] pci 0000:00:01.1: legacy IDE quirk: reg 0x10: [io  0x01f0-0x01f7]
[    3.210851] pci 0000:00:01.1: legacy IDE quirk: reg 0x14: [io  0x03f6]
[    3.215118] pci 0000:00:01.1: legacy IDE quirk: reg 0x18: [io  0x0170-0x0177]
[    3.230849] pci 0000:00:01.1: legacy IDE quirk: reg 0x1c: [io  0x0376]
[    3.263108] pci 0000:00:07.0: quirk: [io  0x4000-0x403f] claimed by PIIX4 ACPI
[    3.268153] pci 0000:00:07.0: quirk: [io  0x4100-0x410f] claimed by PIIX4 SMB
[    3.286055] ACPI: PCI Interrupt Link [LNKA] (IRQs 5 9 10 *11)
[    3.293347] ACPI: PCI Interrupt Link [LNKB] (IRQs 5 9 *10 11)
[    3.304009] ACPI: PCI Interrupt Link [LNKC] (IRQs 5 *9 10 11)
[    3.310577] ACPI: PCI Interrupt Link [LNKD] (IRQs 5 9 10 *11)
[    3.329862] ACPI: Enabled 2 GPEs in block 00 to 07
[    3.334794] vgaarb: setting as boot device: PCI:0000:00:02.0
[    3.341707] vgaarb: device added: PCI:0000:00:02.0,decodes=io+mem,owns=io+mem,locks=none
[    3.348579] vgaarb: loaded
[    3.351181] vgaarb: bridge control possible 0000:00:02.0
[    3.355935] SCSI subsystem initialized
[    3.357861] ACPI: bus type USB registered
[    3.360036] usbcore: registered new interface driver usbfs
[    3.363990] usbcore: registered new interface driver hub
[    3.367839] usbcore: registered new device driver usb
[    3.374298] PCI: Using ACPI for IRQ routing
[    3.376848] NetLabel: Initializing
[    3.381195] NetLabel:  domain hash size = 128
[    3.386111] NetLabel:  protocols = UNLABELED CIPSOv4
[    3.393572] NetLabel:  unlabeled traffic allowed by default
[    3.402181] amd_nb: Cannot enumerate AMD northbridges
[    3.405265] clocksource: Switched to clocksource kvm-clock
[    3.419354] AppArmor: AppArmor Filesystem Enabled
[    3.421405] pnp: PnP ACPI init
[    3.42490] pnp: PnP ACPI: found 3 devices

[   3.472124] clocksource: acpi_pm: mask: 0xffffff max_cycles: 0xffffff, max_idle_ns: 2085701024 ns
[   3.501162] NET: Registered protocol family 2

[    3.528541] TCP established hash table entries: 4096 (order: 3, 32768 bytes)
[    3.539791] TCP bind hash table entries: 4096 (order: 4, 65536 bytes)
[    3.544197] TCP: Hash tables cnfigured (establishe 4096 bind 4096)
[    3.598409] UDP hash table entries: 256 (order: 1, 8192 bytes)
[    3.601272] UDP-Lite hash table entries: 256 (order: 1, 8192 bytes)
[    3.603991] NET: Registered protocol family 1
[    3.605748] pci 0000:00:00.0: Limiting direct PCI/PCI transfers
[    3.608216] pci 0000:00:01.0: Activating ISA DMA hang workarounds
[    3.612600] Unpacking initramfs...

[    3.962594] Freeing initrd memory: 15364K
[    3.970246] RAPL PMU detected, API unit is 2^-32 Joules, 4 fixed counters 10737418240 ms ovfl timer
[    3.975800] hw unit of domain pp0-core 2^-0 Joules
[    3.984185] hw unit of domain package 2^-0 Joules
[    3.987714] hw unit of domain dram 2^-0 Joules
[    3.995238] hw unit of domain pp1-gpu 2^-0 Joules
[    3.999698] platform rtc_cmos: registered platform RTC device (no PNP device found)
[    4.013214] Scanning for low memory corruption every 60 seconds
[    4.016802] audit: initializing netlink subsys (disabled)
[    4.019403] audit: type=2000 audit(1531235402.779:1): initialized
[    4.022548] Initialise system trusted keyring
[    4.046855] HugeTLB registered 2 MB page size, pre-allocated 0 pages
[    4.056019] zbud: loaded
[    4.057971] VFS: Disk quotas dquot_6.6.0
[    4.060263] VFS: Dquot-cache hash table entries: 512 (order 0, 4096 bytes)
[    4.066761] squashfs: version 4.0 (2009/01/31) Phillip Lougher
[    4.070218] fuse init (API version 7.23)
[    4.073042] Key type big_key registered
[    4.076239] Allocating IMA MOK and blacklist keyrings.
[    4.086900] Key type asymmetric registered
[    4.094582] Asymmetric key parser 'x509' registered
[    4.099598] Block layer SCSI generic (bsg) driver version 0.4 loaded (major 249)
[    4.103165] io scheduler noop registered
[    4.105270] io scheduler deadline registered (default)
[    4.111751] io scheduler cfq registered
[    4.113821] pci_hotplug: PCI Hot Plug PCI Core version: 0.5
[    4.116533] pciehp: PCI Express Hot Plug Controller Driver version: 0.4
[    4.124730] ACPI: AC Adapter [AC] (off-line)
[    4.127028] input: Power Button as /devices/LNXSYSTM:00/LNXPWRBN:00/input/input0
[    4.130564] ACPI: Power Button [PWRF]
[    4.132881] input: Sleep Button as /devices/LNXSYSTM:00/LNXSLPBN:00/input/input1
[    4.136481] ACPI: Sleep Button [SLPF]
[    4.139059] GHES: HEST is not enabled!
[    4.140991] ACPI: Battery Slot [BAT0] (battery present)
[    4.144055] Serial: 8250/16550 driver, 32 ports, IRQ sharing enabled
[    4.173415] 00:02: ttyS0 at I/O 0x3f8 (irq = 4, base_baud = 115200) is a 16550A
[    .188393] Linux agpgart interface v0.103

[    4.221246] loop: module loaded
[    4.228411] scsi host0: ata_piix
[    4.230344] scsi host1: ata_piix
[    4.232182] ata1: PATA max UDMA/33 cmd 0x1f0 ctl 0x3f6 bmdma 0xd000 irq 14
[    4.236078] ata2: PATA max UDMA/33 cmd 0x170 ctl 0x376 bmdma 0d08 rq 15

[    4.321978] libphy: Fixed MDIO Bus: probed
[    4.328939] tun: Univeral TUN/TAP device driver, 1.6
[    4.356917] tun: (C) 1999-2004 Max Krasnyansky <maxk@qualcomm.com>

[    4.360167] PPP generic driver version 2.4.2
[    4.368298] ehci_hcd: USB 2.0 'Enhanced' Host Controller (EHCI) Driver
[    4.371319] ehci-pci: EHCI PCI platform driver
[    4.375278] ehci-platform: EHCI generic platform driver
[    4.378056] ohci_hcd: USB 1.1 'Open' Host Controller (OHCI) Driver
[    4.383921] ohci-pci: OHCI PCI platform driver
[    4.386148] ohci-platform: OHCI generic platform driver
[    4.390819] uhci_hcd: USB Universal Host Controller Interface driver
[    4.393531] i8042: PNP: PS/2 Controller [PNP0303:PS2K,PNP0f03:PS2M] at 0x60,0x64 irq 1,12
[    4.408743] serio: i8042 KBD port at 0x60,0x64 irq 1
[    4.410981] serio: i8042 AUX port at 0x60,0x64 irq 12
[    4.413459] mousedev: PS/2 mouse device common for all mice
[    4.424803] rtc_cmos rtc_cmos: rtc core: registered rtc_cmos as rtc0
[    4.432589] rtc_cmos rtc_cmos: alarms up to one day, 114 bytes nvram
[    4.439458] i2c /dev entries driver
[    4.444221] input: AT Translated Set 2 keyboard as /devices/platform/i8042/serio0/input/input2
[    4.448366] device-mapper: uevet: version 1.0.3

[    4.476976] device-mapper: ioctl: 4.34.0-ioctl (2015-10-28) initialised: dm-devel@redhat.com
[    4.484658] ledtrig-cpu: registered to indicate activity on CPUs
[    4.488499] NET: Registered protocol family 10
[    4.491077] NET: Registered protocol family 17
[    4.493307] Key type dns_resolver registered
[    4.496181] registered taskstats version 1
[    4.502676] Loading compiled-in X.509 certificates
[    4.505966] Loaded X.509 cert 'Build time autogenerated kernel key: b3e0fe4bcd6378c38a2c0a4648abbc1fa5043a22'
[    4.510995] zswap: loaded using pool lzo/zbud
[    4.515263] Key type trusted registered
[    4.521652] Key type encrypted registered
[    4.527679] AppArmor: AppArmor sha1 policy hashing enabled
[    4.530354] ima: No TPM chip found, activating TPM-bypass!
[    4.532765] ima: Allocated hash algorithm: sha1
[    4.535310] evm: HMAC attrs: 0x1
[    4.537419]   Magic number: 10:962:183
[    4.542993] rtc_cmos rtc_cmos: setting system clock to 2018-07-10 15:10:00 UTC (1531235400)
[    4.546871] BIOS EDD facility v0.16 2004-Jun-25, 0 devices found
[    4.549848] EDD information not available.
[    4.560736] Freeing unused kernel memory: 1516K
[    4.581712] Write protecting the kernel read-only data: 14336k
[    5.492466] tsc: Refined TSC clocksource calibration: 2000.000 MHz
[    5.500643] clocksource: tsc: mask: 0xffffffffffffffff max_cycles: 0x39a85c9bff6, max_idle_ns: 881590591483 ns
[    5.504506] Freeing unused kernel memory: 1680K
[    5.506954] Freeing unused kernel memory: 96K
Loading, please wait...
starting version 229[    5.539047] random: systemd-udevd: uninitialized urandom read (16 bytes read, 4 bits of entropy available)

[    5.539864] random: udevadm: uninitialized urandom read (16 bytes read, 4 bits of entropy available)
[    5.539883] random: udevadm: uninitialized urandom read (16 bytes read, 4 bits of entropy available)
[    5.549819] random: udevadm: uninitialized urandom read (16 bytes read, 4 bits of entropy available)
[    5.549871] random: udevadm: uninitialized urandom read (16 bytes read, 4 bits of entropy available)
[    5.550044] random: udevadm: uninitialized urandom read (16 bytes read, 4 bits of entropy available)
[    5.550128] random: udevadm: uninitialized urandom read (16 bytes read, 4 bits of entropy available)
[    5.550218] random: udevadm: uninitialized urandom read (16 bytes read, 4 bits of entropy available)
[    5.550307] random: udevadm: uninitialized urandom read (16 bytes read, 4 bits of entropy available)
[    5.550389] random: udevadm: uninitialized urandom read (16 bytes read, 4 bits of entropy available)
[    5.637783] e1000: Intel(R) PRO/1000 Network Driver - version 7.3.21-k8-NAPI
[    5.640393] e1000: Copyright (c) 1999-2006 Intel Corporation.
[    5.642750] Fusion MPT base driver 3.04.20
[    5.644735] Copyright (c) 1999-2008 LSI Corporation
[    5.667213] AVX2 version of gcm_enc/dec engaged.
[    5.669935] AES CTR mode by8 optimization enabled
[    5.684717] Fusion MPT SPI Host driver 3.04.20
[    5.869526] input: ImExPS/2 Generic Explorer Mouse as /devices/platform/i8042/serio1/input/input4
[    6.090920] e1000 0000:00:03.0 eth0: (PCI:33MHz:32-bit) 02:38:b8:f5:60:7e
[    6.098865] e1000 0000:00:03.0 eth0: Intel(R) PRO/1000 Network Connection
[    6.103147] mptbase: ioc0: Initiating bringup
[    6.165611] ioc0: LSI53C1030 A0: Capabilities={Initiator}
[    6.330492] scsi host2: ioc0: LSI53C1030 A0, FwRev=00000000h, Ports=1, MaxQ=256, IRQ=20
[    6.458348] scsi 2:0:0:0: Direct-Access     VBOX     HARDDISK         1.0  PQ: 0 ANSI: 5
[    6.470695] scsi target2:0:0: Beginning Domain Validation
[    6.477249] scsi target2:0:0: Domain Validation skipping write tests
[    6.480417] scsi target2:0:0: Ending Domain Validation
[    6.496636] scsi target2:0:0: asynchronous
[    6.505372] scsi 2:0:1:0: Direct-Access     VBOX     HARDDISK         1.0  PQ: 0 ANSI: 5
[    6.509255] scsi target2:0:1: Beginning Domain Validation
[    6.514253] scsi target2:0:1: Domain Validation skipping write tests
[    6.516669] scsi target2:0:1: Ending Domain Validation
[    6.518879] scsi target2:0:1: asynchronous
[    6.534512] sd 2:0:0:0: Attached scsi generic sg0 type 0
[    6.537561] sd 2:0:1:0: [sdb] 20480 512-byte logical blocks: (10.5 MB/10.0 MiB)
[    6.540256] sd 2:0:0:0: [sda] 20971520 512-byte logical blocks: (10.7 GB/10.0 GiB)
[    6.544727] sd 2:0:1:0: Attached scsi generic sg1 type 0
[    6.549061] sd 2:0:0:0: [sda] Write Protect is off
[    6.552179] sd 2:0:0:0: [sda] Incomplete mode parameter data
[    6.554837] sd 2:0:0:0: [sda] Assuming drive cache: write through
[    6.557594] sd 2:0:1:0: [sdb] Write Protect is off
[    6.559736] sd 2:0:1:0: [sdb] Incomplete mode parameter data
[    6.562422] sd 2:0:1:0: [sdb] Assuming drive cache: write through
[    6.582765]  sda: sda1
[    6.585872] sd 2:0:0:0: [sda] Attached SCSI disk
[    6.589093] sd 2:0:1:0: [sdb] Attached SCSI disk
[    6.900852] e1000 0000:00:08.0 eth1: (PCI:33MHz:32-bit) 08:00:27:e5:68:a8
[    6.910609] e1000 0000:00:08.0 eth1: Intel(R) PRO/1000 Network Connection
[    6.918528] e1000 0000:00:03.0 enp0s3: renamed from eth0
[    7.052771] e1000 0000:00:08.0 enp0s8: renamed from eth1
Begin: Loading essential drivers ... [    8.437048] md: linear personality registered for level -1
[    8.443403] md: multipath personality registered for level -4
[    8.449741] md: raid0 personality registered for level 0
[    8.459386] md: raid1 personality registered for level 1
[    8.537373] raid6: sse2x1   gen()  7886 MB/s
[    8.605598] raid6: sse2x1   xor()  2834 MB/s
[    8.705381] raid6: sse2x2   gen()  2962 MB/s
[    8.789938] raid6: sse2x2   xor()  5031 MB/s
[    8.857381] raid6: sse2x4   gen()  6370 MB/s
[    8.925847] raid6: sse2x4   xor()  5524 MB/s
[    8.995123] raid6: avx2x1   gen()  9664 MB/s
[    9.069533] raid6: avx2x2   gen()  9529 MB/s
[    9.146045] raid6: avx2x4   gen() 13490 MB/s
[    9.148799] raid6: using algorithm avx2x4 gen() 13490 MB/s
[    9.160304] raid6: using avx2x2 recovery algorithm
[    9.178412] xor: automatically using best checksumming function:
[    9.221679]    avx       : 17400.000 MB/sec
[    9.239685] async_tx: api initialized (async)
[    9.258950] md: raid6 personality registered for level 6
[    9.268868] md: raid5 personality registered for level 5
[    9.277928] md: raid4 personality registered for level 4
[    9.289068] md: raid10 personality registered for level 10
done.
Begin: Running /scripts/init-premount ... done.
Begin: Mounting root file system ... Begin: Running /scripts/local-top ... done.
Begin: Running /scripts/local-premount ... [    9.349619] Btrfs loaded
Scanning for Btrfs filesystems
done.
Warning: fsck not present, so skipping root file system
[    9.425222] EXT4-fs (sda1): mounted filesystem with ordered data mode. Opts: (null)
done.
Begin: Running /scripts/local-bottom ... done.
Begin: Running /scripts/init-bottom ... done.
[    9.636683] systemd[1]: systemd 229 running in system mode. (+PAM +AUDIT +SELINUX +IMA +APPARMOR +SMACK +SYSVINIT +UTMP +LIBCRYPTSETUP +GCRYPT +GNUTLS +ACL +XZ -LZ4 +SECCOMP +BLKID +ELFUTILS +KMOD -IDN)
[    9.674566] systemd[1]: Detected virtualization oracle.
[    9.677126] systemd[1]: Detected architecture x86-64.

Welcome to [1mUbuntu 16.04.4 LTS[0m!

[    9.686537] systemd[1]: Set hostname to <ubuntu-xenial>.
[   10.028216] systemd[1]: Listening on udev Control Socket.
[[0;32m  OK  [0m] Listening on udev Control Socket.
[   10.046694] systemd[1]: Listening on Journal Audit Socket.
[[0;32m  OK  [0m] Listening on Journal Audit Socket.
[   10.070822] systemd[1]: Started Forward Password Requests to Wall Directory Watch.
[[0;32m  OK  [0m] Started Forward Password Requests to Wall Directory Watch.
[   10.086901] systemd[1]: Listening on Journal Socket.
[[0;32m  OK  [0m] Listening on Journal Socket.
[   10.098183] systemd[1]: Listening on Syslog Socket.
[[0;32m  OK  [0m] Listening on Syslog Socket.
[   10.109742] systemd[1]: Created slice User and Session Slice.
[[0;32m  OK  [0m] Created slice User and Session Slice.
[   10.119160] systemd[1]: Reached target System Time Synchronized.
[[0;32m  OK  [0m] Reached target System Time Synchronized.
[   10.134474] systemd[1]: tarted Triger resolvonf updae for networkd DNS.
[[0;32m  OK  [0m] Started Trigger resolvconf update for networkd DNS.
[   10.510204] systemd[1]: Reached target User and Group Name Lookups. [[0;32m  OK  [0m] Reached target User and Group Name Lookups.
[   10.646297] systemd[1]:Listeningon /dev/initctl Compatibility Named Pipe.
[[0;32m  OK  [0m] Listening on /dev/initctl Compatibility Named Pipe.
[   11.078329] systemd[1]: Set up automount Arbitrary Executable File Formats File System Automount Point.
[[0;32m  OK  [0m] Set up automount Arbitrary Executab...ats File System Automount Point.
[   11.097216] systemd[1]: Listening on udev Kernel Socket.
[[0;32m  OK  [0m] Listening on udev Kernel Socket.
[   11.117936] systemd[1]: Reached target Swap.
[[0;32m  OK  [0m] Reached target Swap.
[   11.127727] systemd[1]: Listening on LVM2 metadata daemon socket.
[[0;32m  OK  [0m] Listening on LVM2 metadata daemon socket.
[   11.158683] systemd[1]: Listening on LVM2 poll daemon socket.
[[0;32m  OK  [0m] Listening on LVM2 poll daemon socket.
[   11.174756] systemd[1]: Reached target Encrypted Volumes.
[[0;32m  OK  [0m] Reached target Encrypted Volumes.
[   11.198483] systemd[1]: Listening on Journal Socket (/dev/log).
[[0;32m  OK  [0m] Listening on Journal Socket (/dev/log).
[   11.222578] systemd[1]: Created slice System Slice.
[[0;32m  OK  [0m] Created slice System Slice.
[   11.246551] systemd[1]: Starting Remount Root and Kernel File Systems...
[   11.281230] EXT4-fs (sda1): re-mounted. Opts: (null)
         Starting Remount Root and Kernel File Systems...
[   11.297957] systemd[1]: Mounting Huge Pages File System...
         Mounting Huge Pages File System...
[   11.338606] systemd[1]: Starting Load Kernel Modules...
         Starting Load Kernel Modules...
[   11.352101] systemd[1]: Mounting POSIX Message Queue File System...
[   11.390366] Loading iSCSI transport class v2.0-870.
         Mounting POSIX Message Queue File System...
[   11.411155] iscsi: registered transport (tcp)
[   11.539983] systemd[1]: Created slice system-serial\x2dgetty.slice.
[[0;32m  OK  [0m] Created slice system-serial\x2dgetty.slice.
[   11.585943] systemd[1]: Starting Create list of required static device nodes for the current kernel...
         Starting Create list of required st... nodes for the current kernel...
[   11.642420] iscsi: registered transport (iser)
[   11.659925] systemd[1]: Starting Nameserver information manager...
         Starting Nameserver information manager...
[   11.676291] systemd[1]: Starting Journal Service...
         Starting Journal Service...
[   11.694216] systemd[1]: Reached target Slices.
[[0;32m  OK  [0m] Reached target Slices.
[   11.733693] systemd[1]: Starting Set console keymap...
         Starting Set console keymap...
[   11.770310] systemd[1]: Mounting Debug File System...
         Mounting Debug File System...
[   11.854483] systemd[1]: Starting Uncomplicated firewall...
         Starting Uncomplicated firewall...
[   11.894369] systemd[1]: Listening on Device-mapper event daemon FIFOs.
[[0;32m  OK  [0m] Listening on Device-mapper event daemon FIFOs.
[   11.913877] systemd[1]: Starting Monitoring of LVM2 mirrors, snapshots etc. using dmeventd or progress polling...
[   11.932830] random: nonblocking pool is initialized
         Starting Monitoring of LVM2 mirrors... dmeventd or progress polling...
[   11.956968] systemd[1]: Mounted Debug File System.
[[0;32m  OK  [0m] Mounted Debug File System.
[   11.978460] systemd[1]: Mounted POSIX Message Queue File System.
[[0;32m  OK  [0m] Mounted POSIX Message Queue File System.
[   11.990428] systemd[1]: Mounted Huge Pages File System.
[[0;32m  OK  [0m] Mounted Huge Pages File System.
[   11.996050] systemd[1]: Started Journal Service.
[[0;32m  OK  [0m] Started Journal Service.
[[0;32m  OK  [0m] Started Remount Root and Kernel File Systems.
[[0;32m  OK  [0m] Started Load Kernel Modules.
[[0;32m  OK  [0m] Started Create list of required sta...ce nodes for the current kernel.
[[0;32m  OK  [0m] Started Set console keymap.
[[0;32m  OK  [0m] Started Uncomplicated firewall.
[[0;32m  OK  [0m] Started Nameserver information manager.
[[0;32m  OK  [0m] Started LVM2 metadata daemon.
         Starting Create Static Device Nodes in /dev...
         Mounting FUSE Control File System...
         Starting Apply Kernel Variables...
         Starting udev Coldplug all Devices...
         Starting Load/Save Random Seed...
         Starting Flush Journal to Persistent Storage...
[[0;32m  OK  [0m] Mounted FUSE Control File System.
[[0;32m  OK  [0m] Started Monitoring of LVM2 mirrors,...ng dmeventd or progress polling.
[[0;32m  OK  [0m] Started Create Static Device Nodes in /dev.
[[0;32m  OK  [0m] Started Apply Kernel Variables.
[[0;32m  OK  [0m] Started Load/Save Random Seed.
[[0;32m  OK  [0m] Started udev Coldplug all Devices.
[[0;32m  OK  [0m] Started Flush Journal to Persistent Storage.
         Starting udev Kernel Device Manager...
[[0;32m  OK  [0m] Started udev Kernel Device Manager.
[[0;32m  OK  [0m] Reached target Local File Systems (Pre).
[[0;32m  OK  [0m] Reached target Local File Systems.
         Starting LSB: AppArmor initialization...
         Starting Tell Plymouth To Write Out Runtime Data...
         Starting Initial cloud-init job (pre-networking)...
         Starting Create Volatile Files and Directories...
         Starting Set console font and keymap...
[[0;32m  OK  [0m] Started Dispatch Password Requests to Console Directory Watch.
[[0;32m  OK  [0m] Started Tell Plymouth To Write Out Runtime Data.
[[0;32m  OK  [0m] Started Create Volatile Files and Directories.
[[0;32m  OK  [0m] Found device /dev/ttyS0.
[[0;32m  OK  [0m] Listening on Load/Save RF Kill Switch Status /dev/rfkill Watch.
         Starting Update UTMP about System Boot/Shutdown...
[[0;32m  OK  [0m] Started LSB: AppArmor initialization.
[[0;32m  OK  [0m] Started Update UTMP about System Boot/Shutdown.
[[0;32m  OK  [0m] Found device 82540EM Gigabit Ethern...r (PRO/1000 MT Desktop Adapter).
[   11.494387] cloud-init[508]: Cloud-init v. 18.2 running 'init-local' at Tue, 10 Jul 2018 15:10:09 +0000. Up 11.18 seconds.
[[0;32m  OK  [0m] Started Initial cloud-init job (pre-networking).
[[0;32m  OK  [0m] Reached target Network (Pre).
         Starting Raise network interfaces...
[[0;32m  OK  [0m] Started ifup for enp0s3.
[[0;32m  OK  [0m] Started Set console font and keymap.
[[0;32m  OK  [0m] Created slice system-getty.slice.
[[0;32m  OK  [0m] Started Raise network interfaces.
[[0;32m  OK  [0m] Reached target Network.
         Starting Initial cloud-init job (metadata service crawler)...
[   12.838605] cloud-init[1000]: Cloud-init v. 18.2 running 'init' at Tue, 10 Jul 2018 15:10:11 +0000. Up 12.33 seconds.
[   12.849185] cloud-init[1000]: ci-info: ++++++++++++++++++++++++++++++++++++++Net device info++++++++++++++++++++++++++++++++++++++
[   12.857557] cloud-init[1000]: ci-info: +--------+-------+----------------------------+---------------+-------+-------------------+
[   12.866267] cloud-init[1000]: ci-info: | Device |   Up  |          Address           |      Mask     | Scope |     Hw-Address    |
[   12.889385] cloud-init[1000]: ci-info: +--------+-------+----------------------------+---------------+-------+-------------------+
[   12.917035] cloud-init[1000]: ci-info: | enp0s3 |  True |         10.0.2.15          | 255.255.255.0 |   .   | 02:38:b8:f5:60:7e |
[   13.125545] cloud-init[1000]: ci-info: | enp0s3 |  True | fe80::38:b8ff:fef5:607e/64 |       .       |  link | 02:38:b8:f5:60:7e |
[   13.192806] cloud-init[1000]: ci-info: | enp0s8 | False |             .              |       .       |   .   | 08:00:27:e5:68:a8 |
[   13.250907] cloud-init[1000]: ci-info: |   lo   |  True |         127.0.0.1          |   255.0.0.0   |   .   |         .         |
[   13.252033] cloud-init[1000]: ci-info: |   lo   |  True |          ::1/128           |       .       |  host |         .         |
[[0;32m  OK  [0m] Started Initial cloud-init job (metadata service crawler).
[   13.252848] cloud-init[1000]: ci-info: +--------+-------+----------------------------+---------------+-------+-------------------+
[   13.531042] cloud-init[1000]: ci-info: +++++++++++++++++++++++++++Route IPv4 info++++++++++++++++++++++++++++
[   13.532517] cloud-init[1000]: ci-info: +-------+-------------+----------+---------------+-----------+-------+
[[0;32m  OK  [0m] Reached target Cloud-config availability.
[[   13.534539] cloud-init[1000]: ci-info: | Route | Destination | Gateway  |    Genmask    | Interface | Flags |
[0;32m  OK  [0m[   13.563866] ] cloud-initReached target Network is Online.[1000]: 
ci-info: +-------+-------------+----------+---------------+-----------+-------+
[   13.565303] cloud-init[1000]: ci-info: |   0   |   0.0.0.0   | 10.0.2.2 |    0.0.0.0    |   enp0s3  |   UG  |
[   13.644951] cloud-init[1000]: ci-info: |   1   |   10.0.2.0  | 0.0.0.0  | 255.255.255.0 |   enp0s3  |   U   |
[   13.669327] cloud-init[1000]: ci-info: +-------+-------------+----------+---------------+-----------+-------+
         Starting iSCSI initiator daemon (iscsid)...
[[0;32m  OK  [0m] Reached target System Initialization.
         Starting Socket activation for snappy daemon.
[[0;32m  OK  [0m] Started Daily Cleanup of Temporary Directories.
[[0;32m  OK  [0m] Listening on D-Bus System Message Bus Socket.
[[0;32m  OK  [0m] Started ACPI Events Check.
[[0;32m  OK  [0m] Reached target Paths.
[[0;32m  OK  [0m] Started Daily apt download activities.
[[0;32m  OK  [0m] Started Daily apt upgrade and clean activities.
[[0;32m  OK  [0m] Reached target Timers.
[[0;32m  OK  [0m] Listening on UUID daemon activation socket.
[[0;32m  OK  [0m] Listening on ACPID Listen Socket.
         Starting LXD - unix socket.
[[0;32m  OK  [0m] Listening on Socket activation for snappy daemon.
[[0;32m  OK  [0m] Listening on LXD - unix socket.
[[0;32m  OK  [0m] Started iSCSI initiator daemon (iscsid).
         Starting Login to default iSCSI targets...
[[0;32m  OK  [0m] Reached target Sockets.
[[0;32m  OK  [0m] Reached target Basic System.
[[0;32m  OK  [0m] Started FUSE filesystem for LXC.
         Starting System Logging Service...
         Starting LSB: Record successful boot for GRUB...
         Starting LXD - container startup/shutdown...
         Starting Virtualbox guest utils...
         Starting /etc/rc.local Compatibility...
         Starting LSB: MD monitoring daemon...
[[0;32m  OK  [0m] Started Regular background program processing daemon.
[[0;32m  OK  [0m] Started D-Bus System Message Bus.
[[0;32m  OK  [0m] Started ACPI event daemon.
[[0;32m  OK  [0m] Started Deferred execution scheduler.
         Starting Login Service...
         Starting Accounts Service...
         Starting OpenBSD Secure Shell server...
         Starting Apply the settings specified in cloud-config...
[[0;32m  OK  [0m] Started Unattended Upgrades Shutdown.
         Starting Snappy daemon...
[[0;32m  OK  [0m] Started System Logging Service.
[[0;32m  OK  [0m] Started OpenBSD Secure Shell server.
[[0;32m  OK  [0m] Started LXD - container startup/shutdown.
[[0;32m  OK  [0m] Started /etc/rc.local Compatibility.
[[0;32m  OK  [0m] Started Login to default iSCSI targets.
[[0;32m  OK  [0m] Started LSB: Record successful boot for GRUB.
[[0;32m  OK  [0m] Started LSB: MD monitoring daemon.
[[0;32m  OK  [0m] Started Login Service.
         Starting Authenticate and Authorize Users to Run Privileged Tasks...
[[0;32m  OK  [0m] Reached target Remote File Systems (Pre).
[[0;32m  OK  [0m] Reached target Remote File Systems.
         Starting Permit User Sessions...
         Starting LSB: automatic crash report generation...
         Starting LSB: daemon to balance interrupts for SMP systems...
         Starting LSB: Set the CPU Frequency Scaling governor to "ondemand"...
[[0;32m  OK  [0m] Started Snappy daemon.
[[0;32m  OK  [0m] Started Virtualbox guest utils.
[[0;32m  OK  [0m] Started Permit User Sessions.
[[0;32m  OK  [0m] Started Authenticate and Authorize Users to Run Privileged Tasks.
[[0;32m  OK  [0m] Started Accounts Service.
         Starting Hold until boot process finishes up...
         Starting Terminate Plymouth Boot Screen...
         Starting Wait until snapd is fully seeded...
[[0;32m  OK  [0m] Started Hold until boot process finishes up.
[[0;32m  OK  [0m] Started LSB: Set the CPU Frequency Scaling governor to "ondemand".
[[0;32m  OK  [0m] Started LSB: daemon to balance interrupts for SMP systems.
[[0;32m  OK  [0m] Started Terminate Plymouth Boot Screen.
[[0;32m  OK  [0m] Started LSB: automatic crash report generation.
[[0;32m  OK  [0m] Started Wait until snapd is fully seeded.
         Starting Set console scheme...
[[0;32m  OK  [0m] Started Getty on tty1.
[[0;32m  OK  [0m] Started Serial Getty on ttyS0.
[[0;32m  OK  [0m] Reached target Login Prompts.
[[0;32m  OK  [0m] Reached target Multi-User System.
[[0;32m  OK  [0m] Reached target Graphical Interface.
         Starting Update UTMP about System Runlevel Changes...
[[0;32m  OK  [0m] Started Set console scheme.
[[0;32m  OK  [0m] Started Update UTMP about System Runlevel Changes.
[   15.234527] cloud-init[1108]: Cloud-init v. 18.2 running 'modules:config' at Tue, 10 Jul 2018 15:10:13 +0000. Up 15.06 seconds.
[[0;32m  OK  [0m] Started Apply the settings specified in cloud-config.
         Starting Execute cloud user/final scripts...
[[0;32m  OK  [0m] Created slice User Slice of vagrant.
         Starting User Manager for UID 1000...
[[0;32m  OK  [0m] Started Session 1 of user vagrant.
[[0;32m  OK  [0m] Started User Manager for UID 1000.
[   16.387325] cloud-init[1238]: Cloud-init v. 18.2 running 'modules:final' at Tue, 10 Jul 2018 15:10:14 +0000. Up 15.94 seconds.
[   16.394898] cloud-init[1238]: Cloud-init v. 18.2 finished at Tue, 10 Jul 2018 15:10:15 +0000. Datasource DataSourceNoCloud [seed=/dev/sdb][dsmode=net].  Up 16.32 seconds
[[0;32m  OK  [0m] Started Execute cloud user/final scripts.
[[0;32m  OK  [0m] Reached target Cloud-init target.

Ubuntu 16.04.4 LTS manager ttyS0

manager login: 